<?xml version="1.0" encoding="UTF-8"?>
<!-- Generated by org.testng.reporters.JUnitXMLReporter -->
<testsuite ignored="0" hostname="ICTAK-2024-LC-13" failures="0" tests="3" name="Default test" time="12.233" errors="0" timestamp="2026-01-02T17:31:41 IST">
  <testcase classname="testcases.LoginTest" name="invalidLogin" time="2.8"/>
  <testcase classname="testcases.LoginTest" name="validLogin" time="3.232"/>
  <testcase classname="testcases.LoginTest" name="prodCheck" time="4.583"/>
</testsuite> <!-- Default test -->
