<?xml version="1.0" encoding="UTF-8"?>
<!-- Generated by org.testng.reporters.JUnitReportReporter -->
<testsuite hostname="ICTAK-2024-LC-13" failures="0" tests="3" name="testcases.LoginTest" time="10.615" errors="0" timestamp="2026-01-02T17:31:42 IST" skipped="0">
  <testcase classname="testcases.LoginTest" name="invalidLogin" time="2.800"/>
  <testcase classname="testcases.LoginTest" name="validLogin" time="3.232"/>
  <testcase classname="testcases.LoginTest" name="prodCheck" time="4.583"/>
</testsuite> <!-- testcases.LoginTest -->
