<?xml version="1.0" encoding="UTF-8"?>
<!-- Generated by org.testng.reporters.JUnitReportReporter -->
<testsuite hostname="ICTAK-2024-LC-13" failures="0" tests="3" name="testcases.LoginTest" time="10.683" errors="0" timestamp="2026-01-02T18:15:28 IST" skipped="0">
  <testcase classname="testcases.LoginTest" name="invalidLogin" time="2.783"/>
  <testcase classname="testcases.LoginTest" name="validLogin" time="3.273"/>
  <testcase classname="testcases.LoginTest" name="prodCheck" time="4.627"/>
</testsuite> <!-- testcases.LoginTest -->
